0 info it worked if it ends with ok
1 warn npm npm does not support Node.js v0.10.29
2 warn npm You should probably upgrade to a newer version of node as we
3 warn npm can't make any promises that npm will work with this version.
4 warn npm You can find the latest version at https://nodejs.org/
5 verbose cli [ 'node', '/usr/local/bin/npm', 'start' ]
6 info using npm@4.0.3
7 info using node@v0.10.29
8 verbose node symlink /usr/bin/node
9 verbose run-script [ 'prestart', 'start', 'poststart' ]
10 info lifecycle angular-quickstart@1.0.0~prestart: angular-quickstart@1.0.0
11 silly lifecycle angular-quickstart@1.0.0~prestart: no script for prestart, continuing
12 info lifecycle angular-quickstart@1.0.0~start: angular-quickstart@1.0.0
13 verbose lifecycle angular-quickstart@1.0.0~start: unsafe-perm in lifecycle true
14 verbose lifecycle angular-quickstart@1.0.0~start: PATH: /usr/local/lib/node_modules/npm/bin/node-gyp-bin:/home/marcio/nodejs/apps/angular2/01-cadastro-contatos/node_modules/.bin:/usr/local/bin:/usr/bin:/bin:/usr/local/games:/usr/games
15 verbose lifecycle angular-quickstart@1.0.0~start: CWD: /home/marcio/nodejs/apps/angular2/01-cadastro-contatos
16 silly lifecycle angular-quickstart@1.0.0~start: Args: [ '-c', 'tsc && concurrently "tsc -w" "lite-server" ' ]
17 silly lifecycle angular-quickstart@1.0.0~start: Returned: code: 2  signal: null
18 info lifecycle angular-quickstart@1.0.0~start: Failed to exec start script
19 verbose stack Error: angular-quickstart@1.0.0 start: `tsc && concurrently "tsc -w" "lite-server" `
19 verbose stack Exit status 2
19 verbose stack     at EventEmitter.<anonymous> (/usr/local/lib/node_modules/npm/lib/utils/lifecycle.js:279:16)
19 verbose stack     at EventEmitter.emit (events.js:98:17)
19 verbose stack     at ChildProcess.<anonymous> (/usr/local/lib/node_modules/npm/lib/utils/spawn.js:40:14)
19 verbose stack     at ChildProcess.emit (events.js:98:17)
19 verbose stack     at maybeClose (child_process.js:755:16)
19 verbose stack     at Process.ChildProcess._handle.onexit (child_process.js:822:5)
20 verbose pkgid angular-quickstart@1.0.0
21 verbose cwd /home/marcio/nodejs/apps/angular2/01-cadastro-contatos/app/contatos
22 error Linux 3.16.0-4-amd64
23 error argv "node" "/usr/local/bin/npm" "start"
24 error node v0.10.29
25 error npm  v4.0.3
26 error code ELIFECYCLE
27 error angular-quickstart@1.0.0 start: `tsc && concurrently "tsc -w" "lite-server" `
27 error Exit status 2
28 error Failed at the angular-quickstart@1.0.0 start script 'tsc && concurrently "tsc -w" "lite-server" '.
28 error Make sure you have the latest version of node.js and npm installed.
28 error If you do, this is most likely a problem with the angular-quickstart package,
28 error not with npm itself.
28 error Tell the author that this fails on your system:
28 error     tsc && concurrently "tsc -w" "lite-server"
28 error You can get information on how to open an issue for this project with:
28 error     npm bugs angular-quickstart
28 error Or if that isn't available, you can get their info via:
28 error     npm owner ls angular-quickstart
28 error There is likely additional logging output above.
29 verbose exit [ 1, true ]
